2014-06-18 17:41:56.310 TestFlurry[1555:70b] Multi-tasking -> Device: YES, App: YES
2014-06-18 17:41:56.337 TestFlurry[1555:70b] Unlimited access to network resources
2014-06-18 17:41:56.339 TestFlurry[1555:70b] 

Started backup to iCloud! Please be careful.
Your application might rejected by Apple if you store too much data.
For more information please read "iOS Data Storage Guidelines"
You could find it at the following address https://developer.apple.com/icloud/documentation/data-storage/ .

2014-06-18 17:41:56.892 TestFlurry[1555:70b] Resetting plugins due to page load.
2014-06-18 17:41:57.046 TestFlurry[1555:70b] Finished load of: file:///Users/liming/Library/Application%20Support/iPhone%20Simulator/7.1/Applications/0C499F9C-E4DB-47A5-8594-2BA5F114149F/TestFlurry.app/www/index.html
2014-06-18 17:41:57.081 TestFlurry[1555:70b] initWithWebView
2014-06-18 17:41:57.082 TestFlurry[1555:70b] createBannerView
2014-06-18 17:41:57.082 TestFlurry[1555:70b] size: 2
2014-06-18 17:41:57.083 TestFlurry[1555:70b] Flurry: Starting session on Agent Version [Flurry_iOS_137_5.1.0] 
2014-06-18 17:41:57.126 TestFlurry[1555:70b] THREAD WARNING: ['Flurry'] took '43.710938' ms. Plugin should use a background thread.
2014-06-18 17:41:57.127 TestFlurry[1555:70b] requestAd
2014-06-18 17:41:57.127 TestFlurry[1555:70b] Test ads are set. This call MUST be removed prior submitting to App Store.
2014-06-18 17:41:57.127 TestFlurry[1555:70b] showAd: 2
2014-06-18 17:41:57.128 TestFlurry[1555:70b] webview: 320 x 480, banner view: 320 x 50
2014-06-18 17:41:59.173 TestFlurry[1555:70b] adViewWillPresentScreen
2014-06-18 17:41:59.175 TestFlurry[1555:70b] -[CDVFlurry spaceDidReceiveAd:]: Received ad successfully.
2014-06-18 17:41:59.549 TestFlurry[1555:4613] 13 entries in the zip file
2014-06-18 17:42:16.432 TestFlurry[1555:70b] createInterstitialView
2014-06-18 17:42:16.435 TestFlurry[1555:70b] requestInterstitialAd
2014-06-18 17:42:16.437 TestFlurry[1555:70b] Test ads are set. This call MUST be removed prior submitting to App Store.
2014-06-18 17:42:16.814 TestFlurry[1555:70b] adViewWillPresentScreen
2014-06-18 17:42:16.862 TestFlurry[1555:70b] -[CDVFlurry spaceDidReceiveAd:]: Received ad successfully.
2014-06-18 17:42:17.599 TestFlurry[1555:70b] -[CDVFlurry spaceDidReceiveAd:]: Received ad successfully.
2014-06-18 17:42:17.728 TestFlurry[1555:70b] -[CDVFlurry spaceDidReceiveAd:]: Received ad successfully.
2014-06-18 17:42:32.850 TestFlurry[1555:70b] Received memory warning.
